<?xml version="1.0" encoding="UTF-8"?>
<testsuites name="jest tests" tests="3" failures="0" errors="0" time="6.437">
  <testsuite name="index" errors="0" failures="0" skipped="1" timestamp="2023-02-24T21:57:32" time="3.083" tests="1">
    <testcase classname="index sayHello" name="index sayHello" time="0">
      <skipped/>
    </testcase>
  </testsuite>
  <testsuite name="cadence/contracts/MyExampleNFT" errors="0" failures="0" skipped="0" timestamp="2023-02-24T21:57:32" time="5.447" tests="1">
    <testcase classname="cadence/contracts/MyExampleNFT nominal" name="cadence/contracts/MyExampleNFT nominal" time="2.478">
    </testcase>
  </testsuite>
  <testsuite name="cadence/contracts/FlowRPG" errors="0" failures="0" skipped="0" timestamp="2023-02-24T21:57:32" time="5.459" tests="1">
    <testcase classname="cadence/contracts/FlowRPG nominal" name="cadence/contracts/FlowRPG nominal" time="2.489">
    </testcase>
  </testsuite>
</testsuites>