<?xml version="1.0" encoding="UTF-8"?>
<testsuites name="jest tests" tests="16" failures="0" errors="0" time="11.411">
  <testsuite name="state/app/selectors" errors="0" failures="0" skipped="0" timestamp="2023-02-25T01:42:22" time="7.18" tests="4">
    <testcase classname="state/app/selectors getApp nominal" name="state/app/selectors getApp nominal" time="1.453">
    </testcase>
    <testcase classname="state/app/selectors getApp empty" name="state/app/selectors getApp empty" time="1.416">
    </testcase>
    <testcase classname="state/app/selectors getLoggedIn nominal" name="state/app/selectors getLoggedIn nominal" time="1.438">
    </testcase>
    <testcase classname="state/app/selectors getLoggedInAccount nominal" name="state/app/selectors getLoggedInAccount nominal" time="1.378">
    </testcase>
  </testsuite>
  <testsuite name="state/app/reducer" errors="0" failures="0" skipped="0" timestamp="2023-02-25T01:42:22" time="7.185" tests="4">
    <testcase classname="state/app/reducer initialState and default initialState" name="state/app/reducer initialState and default initialState" time="1.487">
    </testcase>
    <testcase classname="state/app/reducer initialState and default default" name="state/app/reducer initialState and default default" time="1.417">
    </testcase>
    <testcase classname="state/app/reducer SET_LOGGED_IN nominal" name="state/app/reducer SET_LOGGED_IN nominal" time="1.433">
    </testcase>
    <testcase classname="state/app/reducer SET_LOGGED_IN_ACCOUNT nominal" name="state/app/reducer SET_LOGGED_IN_ACCOUNT nominal" time="1.393">
    </testcase>
  </testsuite>
  <testsuite name="state/store" errors="0" failures="0" skipped="0" timestamp="2023-02-25T01:42:22" time="7.23" tests="4">
    <testcase classname="state/store createStore nominal" name="state/store createStore nominal" time="1.487">
    </testcase>
    <testcase classname="state/store createStore throws STORE_ALREADY_DEFINED" name="state/store createStore throws STORE_ALREADY_DEFINED" time="1.418">
    </testcase>
    <testcase classname="state/store getStore nominal" name="state/store getStore nominal" time="1.422">
    </testcase>
    <testcase classname="state/store getStore throws NO_STORE_DEFINED" name="state/store getStore throws NO_STORE_DEFINED" time="1.401">
    </testcase>
  </testsuite>
  <testsuite name="cadence/contracts/MyExampleNFT" errors="0" failures="0" skipped="0" timestamp="2023-02-25T01:42:29" time="3.221" tests="1">
    <testcase classname="cadence/contracts/MyExampleNFT nominal" name="cadence/contracts/MyExampleNFT nominal" time="2.431">
    </testcase>
  </testsuite>
  <testsuite name="cadence/contracts/FlowRPG" errors="0" failures="0" skipped="0" timestamp="2023-02-25T01:42:29" time="3.374" tests="1">
    <testcase classname="cadence/contracts/FlowRPG nominal" name="cadence/contracts/FlowRPG nominal" time="2.549">
    </testcase>
  </testsuite>
  <testsuite name="state/app/actions" errors="0" failures="0" skipped="0" timestamp="2023-02-25T01:42:29" time="3.66" tests="2">
    <testcase classname="state/app/actions setLoggedIn nominal" name="state/app/actions setLoggedIn nominal" time="1.473">
    </testcase>
    <testcase classname="state/app/actions setLoggedInAccount nominal" name="state/app/actions setLoggedInAccount nominal" time="1.411">
    </testcase>
  </testsuite>
</testsuites>